Arguments: 
  /usr/local/bin/node /usr/local/bin/yarn install

PATH: 
  /opt/homebrew/bin:/usr/local/bin:/System/Cryptexes/App/usr/bin:/usr/bin:/bin:/usr/sbin:/sbin:/usr/local/go/bin:/opt/homebrew/bin

Yarn version: 
  1.22.18

Node version: 
  18.13.0

Platform: 
  darwin arm64

Trace: 
  SyntaxError: /Users/sandeepkumar/code/work/application/gluestack/todoapp/todoapp/package.json: Unexpected token } in JSON at position 1122
      at JSON.parse (<anonymous>)
      at /usr/local/lib/node_modules/yarn/lib/cli.js:1625:59
      at Generator.next (<anonymous>)
      at step (/usr/local/lib/node_modules/yarn/lib/cli.js:310:30)
      at /usr/local/lib/node_modules/yarn/lib/cli.js:321:13

npm manifest: 
  {
    "name": "@gluestack/web",
    "version": "0.0.1",
    "description": "Web app for GlueStack framework",
    "scripts": {
      "dev": "next dev",
      "build": "next build",
      "start": "next start -p 1002",
      "lint": "next lint",
      "codegen": "DOTENV_CONFIG_PATH=\"./.env\" graphql-codegen --require dotenv/config  --config codegen.ts"
    },
    "repository": {
      "type": "git",
      "url": "git+https://github.com/gluestack/glue-web"
    },
    "keywords": [
      "web",
      "app-service",
      "next"
    ],
    "types": "./index.d.ts",
    "author": "Shivam Singhal",
    "license": "ISC",
    "dependencies": {
      "@apollo/client": "^3.7.4",
      "@graphql-codegen/cli": "^2.16.4",
      "next": "^12.3.4",
      "react": "17.0.2",
      "react-dom": "17.0.2"
    },
    "devDependencies": {
      "@types/node": "16.11.11",
      "@types/react": "17.0.37",
      "@types/react-dom": "^18.0.10",
      "eslint": "<8.0.0",
      "typescript": "4.5.2",
      "@graphql-codegen/cli": "^2.16.1",
      "@graphql-codegen/introspection": "^2.2.3",
      "@graphql-codegen/typescript-operations": "^2.5.10",
      "@graphql-codegen/typescript-react-apollo": "^3.3.7",
    }
  }

yarn manifest: 
  No manifest

Lockfile: 
  No lockfile
